<?xml version="1.0" encoding="UTF-8"?>
<testsuites name="Mocha Tests" time="3.5850" tests="7" failures="0">
  <testsuite name="Root Suite" timestamp="2020-11-05T22:54:42" tests="0" file="cypress/integration/examples/spies_stubs_clocks.spec.js" time="0.0000" failures="0">
  </testsuite>
  <testsuite name="Spies, Stubs, and Clock" timestamp="2020-11-05T22:54:42" tests="7" time="3.5850" failures="0">
    <testcase name="Spies, Stubs, and Clock cy.spy() - wrap a method in a spy" time="0.3780" classname="cy.spy() - wrap a method in a spy">
    </testcase>
    <testcase name="Spies, Stubs, and Clock cy.spy() retries until assertions pass" time="2.5360" classname="cy.spy() retries until assertions pass">
    </testcase>
    <testcase name="Spies, Stubs, and Clock cy.stub() - create a stub and/or replace a function with stub" time="0.1050" classname="cy.stub() - create a stub and/or replace a function with stub">
    </testcase>
    <testcase name="Spies, Stubs, and Clock cy.clock() - control time in the browser" time="0.2130" classname="cy.clock() - control time in the browser">
    </testcase>
    <testcase name="Spies, Stubs, and Clock cy.tick() - move time in the browser" time="0.3000" classname="cy.tick() - move time in the browser">
    </testcase>
    <testcase name="Spies, Stubs, and Clock cy.stub() matches depending on arguments" time="0.0260" classname="cy.stub() matches depending on arguments">
    </testcase>
    <testcase name="Spies, Stubs, and Clock matches call arguments using Sinon matchers" time="0.0270" classname="matches call arguments using Sinon matchers">
    </testcase>
  </testsuite>
</testsuites>