<?xml version="1.0" encoding="UTF-8"?>
<testsuites name="Mocha Tests" time="1.5760" tests="8" failures="0">
  <testsuite name="Root Suite" timestamp="2020-11-05T22:53:46" tests="0" file="cypress/integration/examples/connectors.spec.js" time="0.0000" failures="0">
  </testsuite>
  <testsuite name="Connectors" timestamp="2020-11-05T22:53:46" tests="4" time="0.9700" failures="0">
    <testcase name="Connectors .each() - iterate over an array of elements" time="0.5770" classname=".each() - iterate over an array of elements">
    </testcase>
    <testcase name="Connectors .its() - get properties on the current subject" time="0.1420" classname=".its() - get properties on the current subject">
    </testcase>
    <testcase name="Connectors .invoke() - invoke a function on the current subject" time="0.1320" classname=".invoke() - invoke a function on the current subject">
    </testcase>
    <testcase name="Connectors .spread() - spread an array as individual args to callback function" time="0.1190" classname=".spread() - spread an array as individual args to callback function">
    </testcase>
  </testsuite>
  <testsuite name=".then()" timestamp="2020-11-05T22:53:48" tests="4" time="0.6060" failures="0">
    <testcase name="Connectors .then() invokes a callback function with the current subject" time="0.1540" classname="invokes a callback function with the current subject">
    </testcase>
    <testcase name="Connectors .then() yields the returned value to the next command" time="0.1550" classname="yields the returned value to the next command">
    </testcase>
    <testcase name="Connectors .then() yields the original subject without return" time="0.1510" classname="yields the original subject without return">
    </testcase>
    <testcase name="Connectors .then() yields the value yielded by the last Cypress command inside" time="0.1460" classname="yields the value yielded by the last Cypress command inside">
    </testcase>
  </testsuite>
</testsuites>