<?xml version="1.0" encoding="UTF-8"?>
<testsuites name="Mocha Tests" time="1.6060" tests="5" failures="0">
  <testsuite name="Root Suite" timestamp="2020-11-05T22:54:37" tests="0" file="cypress/integration/examples/querying.spec.js" time="0.0000" failures="0">
  </testsuite>
  <testsuite name="Querying" timestamp="2020-11-05T22:54:37" tests="5" time="1.6060" failures="0">
    <testcase name="Querying cy.get() - query DOM elements" time="0.4540" classname="cy.get() - query DOM elements">
    </testcase>
    <testcase name="Querying cy.contains() - query DOM elements with matching content" time="0.1810" classname="cy.contains() - query DOM elements with matching content">
    </testcase>
    <testcase name="Querying .within() - query DOM elements within a specific element" time="0.1370" classname=".within() - query DOM elements within a specific element">
    </testcase>
    <testcase name="Querying cy.root() - query the root DOM element" time="0.1280" classname="cy.root() - query the root DOM element">
    </testcase>
    <testcase name="Querying best practices - selecting elements" time="0.7060" classname="best practices - selecting elements">
    </testcase>
  </testsuite>
</testsuites>