<?xml version="1.0" encoding="UTF-8"?>
<testsuites name="Mocha Tests" time="5.3330" tests="7" failures="0">
  <testsuite name="Root Suite" timestamp="2020-11-05T22:54:28" tests="0" file="cypress/integration/examples/network_requests.spec.js" time="0.0000" failures="0">
  </testsuite>
  <testsuite name="Network Requests" timestamp="2020-11-05T22:54:28" tests="7" time="5.3330" failures="0">
    <testcase name="Network Requests cy.server() - control behavior of network requests and responses" time="0.4480" classname="cy.server() - control behavior of network requests and responses">
    </testcase>
    <testcase name="Network Requests cy.request() - make an XHR request" time="0.8640" classname="cy.request() - make an XHR request">
    </testcase>
    <testcase name="Network Requests cy.request() - verify response using BDD syntax" time="0.5780" classname="cy.request() - verify response using BDD syntax">
    </testcase>
    <testcase name="Network Requests cy.request() with query parameters" time="0.4150" classname="cy.request() with query parameters">
    </testcase>
    <testcase name="Network Requests cy.request() - pass result to the second request" time="0.8340" classname="cy.request() - pass result to the second request">
    </testcase>
    <testcase name="Network Requests cy.request() - save response in the shared test context" time="0.8400" classname="cy.request() - save response in the shared test context">
    </testcase>
    <testcase name="Network Requests cy.route() - route responses to matching requests" time="1.3540" classname="cy.route() - route responses to matching requests">
    </testcase>
  </testsuite>
</testsuites>