<?xml version="1.0" encoding="UTF-8"?>
<testsuites name="Mocha Tests" time="1.1870" tests="2" failures="0">
  <testsuite name="Root Suite" timestamp="2020-11-05T22:38:20" tests="0" file="cypress/integration/examples/aliasing.spec.js" time="0.0000" failures="0">
  </testsuite>
  <testsuite name="Aliasing" timestamp="2020-11-05T22:38:20" tests="2" time="1.1870" failures="0">
    <testcase name="Aliasing .as() - alias a DOM element for later use" time="0.4980" classname=".as() - alias a DOM element for later use">
    </testcase>
    <testcase name="Aliasing .as() - alias a route for later use" time="0.6890" classname=".as() - alias a route for later use">
    </testcase>
  </testsuite>
</testsuites>