<?xml version="1.0" encoding="UTF-8"?>
<testsuites name="Mocha Tests" time="0.7370" tests="3" failures="0">
  <testsuite name="Root Suite" timestamp="2020-11-05T22:55:20" tests="0" file="cypress/integration/examples/window.spec.js" time="0.0000" failures="0">
  </testsuite>
  <testsuite name="Window" timestamp="2020-11-05T22:55:20" tests="3" time="0.7370" failures="0">
    <testcase name="Window cy.window() - get the global window object" time="0.5120" classname="cy.window() - get the global window object">
    </testcase>
    <testcase name="Window cy.document() - get the document object" time="0.1160" classname="cy.document() - get the document object">
    </testcase>
    <testcase name="Window cy.title() - get the title" time="0.1090" classname="cy.title() - get the title">
    </testcase>
  </testsuite>
</testsuites>