<?xml version="1.0" encoding="UTF-8"?>
<testsuites name="Mocha Tests" time="10.0280" tests="14" failures="1">
  <testsuite name="Root Suite" timestamp="2020-11-05T22:53:14" tests="0" file="cypress/integration/examples/actions.spec.js" time="0.0000" failures="0">
  </testsuite>
  <testsuite name="Actions" timestamp="2020-11-05T22:53:14" tests="14" time="10.0280" failures="1">
    <testcase name="Actions .type() - type into a DOM element" time="0.0000" classname=".type() - type into a DOM element">
      <failure message="Timed out retrying: expected &apos;&lt;input#email1.form-control.action-email&gt;&apos; to have value &apos;fake@email.com&apos;, but the value was &apos;fake@emai.com&apos;" type="AssertionError"><![CDATA[AssertionError: Timed out retrying: expected '<input#email1.form-control.action-email>' to have value 'fake@email.com', but the value was 'fake@emai.com'
    at Context.eval (https://example.cypress.io/__cypress/tests?p=cypress/integration/examples/actions.spec.js:107:51)]]></failure>
    </testcase>
    <testcase name="Actions .focus() - focus on a DOM element" time="0.2820" classname=".focus() - focus on a DOM element">
    </testcase>
    <testcase name="Actions .blur() - blur off a DOM element" time="0.4680" classname=".blur() - blur off a DOM element">
    </testcase>
    <testcase name="Actions .clear() - clears an input or textarea element" time="0.5540" classname=".clear() - clears an input or textarea element">
    </testcase>
    <testcase name="Actions .submit() - submit a form" time="0.4520" classname=".submit() - submit a form">
    </testcase>
    <testcase name="Actions .click() - click on a DOM element" time="2.1160" classname=".click() - click on a DOM element">
    </testcase>
    <testcase name="Actions .dblclick() - double click on a DOM element" time="0.2520" classname=".dblclick() - double click on a DOM element">
    </testcase>
    <testcase name="Actions .rightclick() - right click on a DOM element" time="0.2600" classname=".rightclick() - right click on a DOM element">
    </testcase>
    <testcase name="Actions .check() - check a checkbox or radio element" time="0.9350" classname=".check() - check a checkbox or radio element">
    </testcase>
    <testcase name="Actions .uncheck() - uncheck a checkbox element" time="1.1990" classname=".uncheck() - uncheck a checkbox element">
    </testcase>
    <testcase name="Actions .select() - select an option in a &lt;select&gt; element" time="0.9550" classname=".select() - select an option in a &lt;select&gt; element">
    </testcase>
    <testcase name="Actions .scrollIntoView() - scroll an element into view" time="0.2110" classname=".scrollIntoView() - scroll an element into view">
    </testcase>
    <testcase name="Actions .trigger() - trigger an event on a DOM element" time="0.1710" classname=".trigger() - trigger an event on a DOM element">
    </testcase>
    <testcase name="Actions cy.scrollTo() - scroll the window or element to a position" time="2.1730" classname="cy.scrollTo() - scroll the window or element to a position">
    </testcase>
  </testsuite>
</testsuites>