<?xml version="1.0" encoding="UTF-8"?>
<testsuites name="Mocha Tests" time="4.4210" tests="7" failures="0">
  <testsuite name="Root Suite" timestamp="2020-11-05T22:39:15" tests="0" file="cypress/integration/examples/network_requests.spec.js" time="0.0000" failures="0">
  </testsuite>
  <testsuite name="Network Requests" timestamp="2020-11-05T22:39:15" tests="7" time="4.4210" failures="0">
    <testcase name="Network Requests cy.server() - control behavior of network requests and responses" time="0.3790" classname="cy.server() - control behavior of network requests and responses">
    </testcase>
    <testcase name="Network Requests cy.request() - make an XHR request" time="0.6040" classname="cy.request() - make an XHR request">
    </testcase>
    <testcase name="Network Requests cy.request() - verify response using BDD syntax" time="0.5500" classname="cy.request() - verify response using BDD syntax">
    </testcase>
    <testcase name="Network Requests cy.request() with query parameters" time="0.3980" classname="cy.request() with query parameters">
    </testcase>
    <testcase name="Network Requests cy.request() - pass result to the second request" time="0.6520" classname="cy.request() - pass result to the second request">
    </testcase>
    <testcase name="Network Requests cy.request() - save response in the shared test context" time="0.6290" classname="cy.request() - save response in the shared test context">
    </testcase>
    <testcase name="Network Requests cy.route() - route responses to matching requests" time="1.2090" classname="cy.route() - route responses to matching requests">
    </testcase>
  </testsuite>
</testsuites>