<?xml version="1.0" encoding="UTF-8"?>
<testsuites name="Mocha Tests" time="1.5900" tests="5" failures="0">
  <testsuite name="Root Suite" timestamp="2020-11-05T22:39:24" tests="0" file="cypress/integration/examples/querying.spec.js" time="0.0000" failures="0">
  </testsuite>
  <testsuite name="Querying" timestamp="2020-11-05T22:39:24" tests="5" time="1.5900" failures="0">
    <testcase name="Querying cy.get() - query DOM elements" time="0.4420" classname="cy.get() - query DOM elements">
    </testcase>
    <testcase name="Querying cy.contains() - query DOM elements with matching content" time="0.1750" classname="cy.contains() - query DOM elements with matching content">
    </testcase>
    <testcase name="Querying .within() - query DOM elements within a specific element" time="0.1270" classname=".within() - query DOM elements within a specific element">
    </testcase>
    <testcase name="Querying cy.root() - query the root DOM element" time="0.1300" classname="cy.root() - query the root DOM element">
    </testcase>
    <testcase name="Querying best practices - selecting elements" time="0.7160" classname="best practices - selecting elements">
    </testcase>
  </testsuite>
</testsuites>