<?xml version="1.0" encoding="UTF-8"?>
<testsuites name="Mocha Tests" time="3.1900" tests="1" failures="0">
  <testsuite name="Root Suite" timestamp="2020-11-05T22:55:03" tests="0" file="cypress/integration/examples/viewport.spec.js" time="0.0000" failures="0">
  </testsuite>
  <testsuite name="Viewport" timestamp="2020-11-05T22:55:03" tests="1" time="3.1900" failures="0">
    <testcase name="Viewport cy.viewport() - set the viewport size and dimension" time="3.1900" classname="cy.viewport() - set the viewport size and dimension">
    </testcase>
  </testsuite>
</testsuites>