<?xml version="1.0" encoding="UTF-8"?>
<testsuites name="Mocha Tests" time="0.5900" tests="3" failures="0">
  <testsuite name="Root Suite" timestamp="2020-11-05T22:54:11" tests="0" file="cypress/integration/examples/location.spec.js" time="0.0000" failures="0">
  </testsuite>
  <testsuite name="Location" timestamp="2020-11-05T22:54:11" tests="3" time="0.5900" failures="0">
    <testcase name="Location cy.hash() - get the current URL hash" time="0.3450" classname="cy.hash() - get the current URL hash">
    </testcase>
    <testcase name="Location cy.location() - get window.location" time="0.1390" classname="cy.location() - get window.location">
    </testcase>
    <testcase name="Location cy.url() - get the current URL" time="0.1060" classname="cy.url() - get the current URL">
    </testcase>
  </testsuite>
</testsuites>